C:\C#\PROJECTS\FFMPEGUTILS\FFMPEGUTILS\DEBUG\DECODER.OBJ
C:\C#\PROJECTS\FFMPEGUTILS\FFMPEGUTILS\DEBUG\ENCODER.OBJ
C:\C#\PROJECTS\FFMPEGUTILS\FFMPEGUTILS\DEBUG\FFMPEG_UTILS.OBJ
C:\C#\PROJECTS\FFMPEGUTILS\FFMPEGUTILS\DEBUG\VC110.PDB
C:\USERS\MONDAY\DESKTOP\FFMPEGUTILS\FFMPEGUTILS\DEBUG\DECODER.OBJ
C:\USERS\MONDAY\DESKTOP\FFMPEGUTILS\FFMPEGUTILS\DEBUG\ENCODER.OBJ
C:\USERS\MONDAY\DESKTOP\FFMPEGUTILS\FFMPEGUTILS\DEBUG\FFMPEG_UTILS.OBJ
C:\USERS\MONDAY\DESKTOP\FFMPEGUTILS\FFMPEGUTILS\DEBUG\VC110.PDB
C:\C#\projects\FfmpegUtils\FfmpegWPF\bin\Debug\FfmpegUtils.lib
C:\C#\projects\FfmpegUtils\FfmpegWPF\bin\Debug\FfmpegUtils.exp
C:\Users\MONDAY\Desktop\FfmpegUtils\FfmpegWPF\bin\Debug\FfmpegUtils.lib
C:\Users\MONDAY\Desktop\FfmpegUtils\FfmpegWPF\bin\Debug\FfmpegUtils.exp
C:\C#\PROJECTS\FFMPEGUTILS\FFMPEGWPF\BIN\DEBUG\FFMPEGUTILS.ILK
C:\C#\PROJECTS\FFMPEGUTILS\FFMPEGWPF\BIN\DEBUG\FFMPEGUTILS.DLL
C:\C#\PROJECTS\FFMPEGUTILS\FFMPEGWPF\BIN\DEBUG\FFMPEGUTILS.PDB
C:\USERS\MONDAY\DESKTOP\FFMPEGUTILS\FFMPEGWPF\BIN\DEBUG\FFMPEGUTILS.ILK
C:\USERS\MONDAY\DESKTOP\FFMPEGUTILS\FFMPEGWPF\BIN\DEBUG\FFMPEGUTILS.DLL
C:\USERS\MONDAY\DESKTOP\FFMPEGUTILS\FFMPEGWPF\BIN\DEBUG\FFMPEGUTILS.PDB
C:\Users\MONDAY\Desktop\FfmpegUtils\FfmpegUtils\Debug\decoder.obj
C:\Users\MONDAY\Desktop\FfmpegUtils\FfmpegUtils\Debug\encoder.obj
C:\Users\MONDAY\Desktop\FfmpegUtils\FfmpegUtils\Debug\ffmpeg_utils.obj
C:\Users\MONDAY\Desktop\FfmpegUtils\FfmpegUtils\Debug\cl.command.1.tlog
C:\Users\MONDAY\Desktop\FfmpegUtils\FfmpegUtils\Debug\CL.read.1.tlog
C:\Users\MONDAY\Desktop\FfmpegUtils\FfmpegUtils\Debug\CL.write.1.tlog
C:\Users\MONDAY\Desktop\FfmpegUtils\FfmpegUtils\Debug\FfmpegUtils.write.1.tlog
C:\Users\MONDAY\Desktop\FfmpegUtils\FfmpegUtils\Debug\link-cvtres.read.1.tlog
C:\Users\MONDAY\Desktop\FfmpegUtils\FfmpegUtils\Debug\link-cvtres.write.1.tlog
C:\Users\MONDAY\Desktop\FfmpegUtils\FfmpegUtils\Debug\link-rc.read.1.tlog
C:\Users\MONDAY\Desktop\FfmpegUtils\FfmpegUtils\Debug\link-rc.write.1.tlog
C:\Users\MONDAY\Desktop\FfmpegUtils\FfmpegUtils\Debug\link.3188-cvtres.read.1.tlog
C:\Users\MONDAY\Desktop\FfmpegUtils\FfmpegUtils\Debug\link.3188-cvtres.write.1.tlog
C:\Users\MONDAY\Desktop\FfmpegUtils\FfmpegUtils\Debug\link.3188-rc.read.1.tlog
C:\Users\MONDAY\Desktop\FfmpegUtils\FfmpegUtils\Debug\link.3188-rc.write.1.tlog
C:\Users\MONDAY\Desktop\FfmpegUtils\FfmpegUtils\Debug\link.3188.read.1.tlog
C:\Users\MONDAY\Desktop\FfmpegUtils\FfmpegUtils\Debug\link.3188.write.1.tlog
C:\Users\MONDAY\Desktop\FfmpegUtils\FfmpegUtils\Debug\link.3208-cvtres.read.1.tlog
C:\Users\MONDAY\Desktop\FfmpegUtils\FfmpegUtils\Debug\link.3208-cvtres.write.1.tlog
C:\Users\MONDAY\Desktop\FfmpegUtils\FfmpegUtils\Debug\link.3208-rc.read.1.tlog
C:\Users\MONDAY\Desktop\FfmpegUtils\FfmpegUtils\Debug\link.3208-rc.write.1.tlog
C:\Users\MONDAY\Desktop\FfmpegUtils\FfmpegUtils\Debug\link.3208.read.1.tlog
C:\Users\MONDAY\Desktop\FfmpegUtils\FfmpegUtils\Debug\link.3208.write.1.tlog
C:\Users\MONDAY\Desktop\FfmpegUtils\FfmpegUtils\Debug\link.3228-cvtres.read.1.tlog
C:\Users\MONDAY\Desktop\FfmpegUtils\FfmpegUtils\Debug\link.3228-cvtres.write.1.tlog
C:\Users\MONDAY\Desktop\FfmpegUtils\FfmpegUtils\Debug\link.3228-rc.read.1.tlog
C:\Users\MONDAY\Desktop\FfmpegUtils\FfmpegUtils\Debug\link.3228-rc.write.1.tlog
C:\Users\MONDAY\Desktop\FfmpegUtils\FfmpegUtils\Debug\link.3228.read.1.tlog
C:\Users\MONDAY\Desktop\FfmpegUtils\FfmpegUtils\Debug\link.3228.write.1.tlog
C:\Users\MONDAY\Desktop\FfmpegUtils\FfmpegUtils\Debug\link.3500-cvtres.read.1.tlog
C:\Users\MONDAY\Desktop\FfmpegUtils\FfmpegUtils\Debug\link.3500-cvtres.write.1.tlog
C:\Users\MONDAY\Desktop\FfmpegUtils\FfmpegUtils\Debug\link.3500-rc.read.1.tlog
C:\Users\MONDAY\Desktop\FfmpegUtils\FfmpegUtils\Debug\link.3500-rc.write.1.tlog
C:\Users\MONDAY\Desktop\FfmpegUtils\FfmpegUtils\Debug\link.3500.read.1.tlog
C:\Users\MONDAY\Desktop\FfmpegUtils\FfmpegUtils\Debug\link.3500.write.1.tlog
C:\Users\MONDAY\Desktop\FfmpegUtils\FfmpegUtils\Debug\link.3584-cvtres.read.1.tlog
C:\Users\MONDAY\Desktop\FfmpegUtils\FfmpegUtils\Debug\link.3584-cvtres.write.1.tlog
C:\Users\MONDAY\Desktop\FfmpegUtils\FfmpegUtils\Debug\link.3584-rc.read.1.tlog
C:\Users\MONDAY\Desktop\FfmpegUtils\FfmpegUtils\Debug\link.3584-rc.write.1.tlog
C:\Users\MONDAY\Desktop\FfmpegUtils\FfmpegUtils\Debug\link.3584.read.1.tlog
C:\Users\MONDAY\Desktop\FfmpegUtils\FfmpegUtils\Debug\link.3584.write.1.tlog
C:\Users\MONDAY\Desktop\FfmpegUtils\FfmpegUtils\Debug\link.3592-cvtres.read.1.tlog
C:\Users\MONDAY\Desktop\FfmpegUtils\FfmpegUtils\Debug\link.3592-cvtres.write.1.tlog
C:\Users\MONDAY\Desktop\FfmpegUtils\FfmpegUtils\Debug\link.3592-rc.read.1.tlog
C:\Users\MONDAY\Desktop\FfmpegUtils\FfmpegUtils\Debug\link.3592-rc.write.1.tlog
C:\Users\MONDAY\Desktop\FfmpegUtils\FfmpegUtils\Debug\link.3592.read.1.tlog
C:\Users\MONDAY\Desktop\FfmpegUtils\FfmpegUtils\Debug\link.3592.write.1.tlog
C:\Users\MONDAY\Desktop\FfmpegUtils\FfmpegUtils\Debug\link.5392-cvtres.read.1.tlog
C:\Users\MONDAY\Desktop\FfmpegUtils\FfmpegUtils\Debug\link.5392-cvtres.write.1.tlog
C:\Users\MONDAY\Desktop\FfmpegUtils\FfmpegUtils\Debug\link.5392-rc.read.1.tlog
C:\Users\MONDAY\Desktop\FfmpegUtils\FfmpegUtils\Debug\link.5392-rc.write.1.tlog
C:\Users\MONDAY\Desktop\FfmpegUtils\FfmpegUtils\Debug\link.5392.read.1.tlog
C:\Users\MONDAY\Desktop\FfmpegUtils\FfmpegUtils\Debug\link.5392.write.1.tlog
C:\Users\MONDAY\Desktop\FfmpegUtils\FfmpegUtils\Debug\link.6132-cvtres.read.1.tlog
C:\Users\MONDAY\Desktop\FfmpegUtils\FfmpegUtils\Debug\link.6132-cvtres.write.1.tlog
C:\Users\MONDAY\Desktop\FfmpegUtils\FfmpegUtils\Debug\link.6132-rc.read.1.tlog
C:\Users\MONDAY\Desktop\FfmpegUtils\FfmpegUtils\Debug\link.6132-rc.write.1.tlog
C:\Users\MONDAY\Desktop\FfmpegUtils\FfmpegUtils\Debug\link.6132.read.1.tlog
C:\Users\MONDAY\Desktop\FfmpegUtils\FfmpegUtils\Debug\link.6132.write.1.tlog
C:\Users\MONDAY\Desktop\FfmpegUtils\FfmpegUtils\Debug\link.948-cvtres.read.1.tlog
C:\Users\MONDAY\Desktop\FfmpegUtils\FfmpegUtils\Debug\link.948-cvtres.write.1.tlog
C:\Users\MONDAY\Desktop\FfmpegUtils\FfmpegUtils\Debug\link.948-rc.read.1.tlog
C:\Users\MONDAY\Desktop\FfmpegUtils\FfmpegUtils\Debug\link.948-rc.write.1.tlog
C:\Users\MONDAY\Desktop\FfmpegUtils\FfmpegUtils\Debug\link.948.read.1.tlog
C:\Users\MONDAY\Desktop\FfmpegUtils\FfmpegUtils\Debug\link.948.write.1.tlog
C:\Users\MONDAY\Desktop\FfmpegUtils\FfmpegUtils\Debug\link.command.1.tlog
C:\Users\MONDAY\Desktop\FfmpegUtils\FfmpegUtils\Debug\link.read.1.tlog
C:\Users\MONDAY\Desktop\FfmpegUtils\FfmpegUtils\Debug\link.write.1.tlog
C:\Users\MONDAY\Desktop\FfmpegUtils\FfmpegUtils\Debug\vc110.idb
C:\Users\MONDAY\Desktop\FfmpegUtils\FfmpegUtils\Debug\vc110.pdb
C:\Users\MONDAY\Desktop\FfmpegUtils\FfmpegWPF\bin\Debug\FfmpegUtils.pdb
C:\Users\MONDAY\Desktop\FfmpegUtils\FfmpegWPF\bin\Debug\FfmpegUtils.dll
C:\Users\MONDAY\Desktop\FfmpegUtils\FfmpegWPF\bin\Debug\FfmpegUtils.ilk
