生成启动时间为 2016/11/3 13:24:45。
     1>项目“C:\C#\projects\FfmpegUtils\FfmpegUtils\FfmpegUtils.vcxproj”在节点 3 上(Build 个目标)。
     1>InitializeBuildStatus:
         正在创建“Release\FfmpegUtils.unsuccessfulbuild”，因为已指定“AlwaysCreate”。
       ClCompile:
         C:\Program Files\Microsoft Visual Studio 11.0\VC\bin\CL.exe /c /I../include /Zi /nologo /W3 /WX- /O2 /Oi /Oy- /GL /D _WINDLL /D _MBCS /Gm- /EHsc /MD /GS /Gy /fp:precise /Zc:wchar_t /Zc:forScope /Fo"Release\\" /Fd"Release\vc110.pdb" /Gd /TP /analyze- /errorReport:prompt encoder.cpp
         encoder.cpp
     1>encoder.cpp(64): warning C4018: “<”: 有符号/无符号不匹配
     1>encoder.cpp(138): warning C4305: “=”: 从“double”到“float”截断
       Link:
         C:\Program Files\Microsoft Visual Studio 11.0\VC\bin\link.exe /ERRORREPORT:PROMPT /OUT:"C:\C#\projects\FfmpegUtils\FfmpegWPF\bin\Release\FfmpegUtils.dll" /NOLOGO /LIBPATH:../lib avcodec.lib avformat.lib avutil.lib avdevice.lib avfilter.lib postproc.lib swresample.lib swscale.lib kernel32.lib user32.lib gdi32.lib winspool.lib comdlg32.lib advapi32.lib shell32.lib ole32.lib oleaut32.lib uuid.lib odbc32.lib odbccp32.lib /MANIFEST /MANIFESTUAC:"level='asInvoker' uiAccess='false'" /manifest:embed /DEBUG /PDB:"C:\C#\projects\FfmpegUtils\FfmpegWPF\bin\Release\FfmpegUtils.pdb" /OPT:REF /OPT:ICF /LTCG /TLBID:1 /DYNAMICBASE /NXCOMPAT /IMPLIB:"C:\C#\projects\FfmpegUtils\FfmpegWPF\bin\Release\FfmpegUtils.lib" /MACHINE:X86 /SAFESEH /SAFESEH:NO /DLL Release\decoder.obj
         Release\encoder.obj
         Release\ffmpeg_utils.obj
            正在创建库 C:\C#\projects\FfmpegUtils\FfmpegWPF\bin\Release\FfmpegUtils.lib 和对象 C:\C#\projects\FfmpegUtils\FfmpegWPF\bin\Release\FfmpegUtils.exp
         正在生成代码
         已完成代码的生成
         FfmpegUtils.vcxproj -> C:\C#\projects\FfmpegUtils\FfmpegWPF\bin\Release\FfmpegUtils.dll
       FinalizeBuildStatus:
         正在删除文件“Release\FfmpegUtils.unsuccessfulbuild”。
         正在对“Release\FfmpegUtils.lastbuildstate”执行 Touch 任务。
     1>已完成生成项目“C:\C#\projects\FfmpegUtils\FfmpegUtils\FfmpegUtils.vcxproj”(Build 个目标)的操作。

生成成功。

已用时间 00:00:00.87
