C:\C#\PROJECTS\FFMPEGUTILS\FFMPEGUTILS\RELEASE\DECODER.OBJ
C:\C#\PROJECTS\FFMPEGUTILS\FFMPEGUTILS\RELEASE\FFMPEG_UTILS.OBJ
C:\C#\PROJECTS\FFMPEGUTILS\FFMPEGUTILS\RELEASE\ENCODER.OBJ
C:\C#\PROJECTS\FFMPEGUTILS\FFMPEGUTILS\RELEASE\VC110.PDB
C:\C#\projects\FfmpegUtils\FfmpegWPF\bin\Release\FfmpegUtils.lib
C:\C#\projects\FfmpegUtils\FfmpegWPF\bin\Release\FfmpegUtils.exp
C:\C#\PROJECTS\FFMPEGUTILS\FFMPEGWPF\BIN\RELEASE\FFMPEGUTILS.DLL
C:\C#\PROJECTS\FFMPEGUTILS\FFMPEGWPF\BIN\RELEASE\FFMPEGUTILS.PDB
C:\C#\projects\FfmpegUtils\FfmpegUtils\Release\decoder.obj
C:\C#\projects\FfmpegUtils\FfmpegUtils\Release\encoder.obj
C:\C#\projects\FfmpegUtils\FfmpegUtils\Release\ffmpeg_utils.obj
C:\C#\projects\FfmpegUtils\FfmpegUtils\Release\cl.command.1.tlog
C:\C#\projects\FfmpegUtils\FfmpegUtils\Release\CL.read.1.tlog
C:\C#\projects\FfmpegUtils\FfmpegUtils\Release\CL.write.1.tlog
C:\C#\projects\FfmpegUtils\FfmpegUtils\Release\FfmpegUtils.write.1.tlog
C:\C#\projects\FfmpegUtils\FfmpegUtils\Release\link-cvtres.read.1.tlog
C:\C#\projects\FfmpegUtils\FfmpegUtils\Release\link-cvtres.write.1.tlog
C:\C#\projects\FfmpegUtils\FfmpegUtils\Release\link-rc.read.1.tlog
C:\C#\projects\FfmpegUtils\FfmpegUtils\Release\link-rc.write.1.tlog
C:\C#\projects\FfmpegUtils\FfmpegUtils\Release\link.command.1.tlog
C:\C#\projects\FfmpegUtils\FfmpegUtils\Release\link.read.1.tlog
C:\C#\projects\FfmpegUtils\FfmpegUtils\Release\link.write.1.tlog
C:\C#\projects\FfmpegUtils\FfmpegUtils\Release\vc110.pdb
C:\C#\projects\FfmpegUtils\FfmpegWPF\bin\Release\FfmpegUtils.pdb
C:\C#\projects\FfmpegUtils\FfmpegWPF\bin\Release\FfmpegUtils.dll
